[19:27:13] [Client thread/INFO]: Setting user: Player612
[19:27:23] [Client thread/INFO]: LWJGL Version: 2.9.4
[19:27:33] [Client thread/INFO]: Reloading ResourceManager: Default, FMLFileResourcePack:Forge Mod Loader, FMLFileResourcePack:Minecraft Forge, FMLFileResourcePack:Minecraft Life RPG
[19:27:55] [Sound Library Loader/INFO]: Starting up SoundSystem...
[19:27:55] [Thread-7/INFO]: Initializing LWJGL OpenAL
[19:27:55] [Thread-7/INFO]: (The LWJGL binding of OpenAL.  For more information, see http://www.lwjgl.org)
[19:27:56] [Thread-7/ERROR]: Error in class 'LibraryLWJGLOpenAL'
[19:27:56] [Thread-7/ERROR]: Unable to initialize OpenAL.  Probable cause: OpenAL not supported.
[19:27:56] [Thread-7/WARN]: ERROR MESSAGE:
[19:27:56] [Thread-7/INFO]: Could not locate OpenAL library.
[19:27:56] [Thread-7/WARN]: STACK TRACE:
[19:27:56] [Thread-7/INFO]: org.lwjgl.openal.AL.create(AL.java:156)
[19:27:56] [Thread-7/INFO]: org.lwjgl.openal.AL.create(AL.java:102)
[19:27:56] [Thread-7/INFO]: org.lwjgl.openal.AL.create(AL.java:206)
[19:27:56] [Thread-7/INFO]: paulscode.sound.libraries.LibraryLWJGLOpenAL.init(LibraryLWJGLOpenAL.java:164)
[19:27:56] [Thread-7/INFO]: paulscode.sound.SoundSystem.CommandNewLibrary(SoundSystem.java:1576)
[19:27:56] [Thread-7/INFO]: paulscode.sound.SoundSystem.CommandQueue(SoundSystem.java:2572)
[19:27:56] [Thread-7/INFO]: paulscode.sound.CommandThread.run(CommandThread.java:121)
[19:27:56] [Sound Library Loader/WARN]: ERROR MESSAGE:
[19:27:56] [Sound Library Loader/INFO]: Could not locate OpenAL library.
[19:27:56] [Sound Library Loader/INFO]: Starting up SoundSystem...
[19:27:56] [Thread-9/INFO]: Switching to No Sound
[19:27:56] [Thread-9/INFO]: (Silent Mode)
[19:27:56] [Sound Library Loader/INFO]: Sound engine started
[19:28:03] [Client thread/INFO]: Created: 16x16 textures-atlas
[19:28:07] [Client thread/INFO]: Reloading ResourceManager: Default, FMLFileResourcePack:Forge Mod Loader, FMLFileResourcePack:Minecraft Forge, FMLFileResourcePack:Minecraft Life RPG
[19:28:17] [Client thread/INFO]: SoundSystem shutting down...
[19:28:17] [Client thread/WARN]: Author: Paul Lamb, www.paulscode.com
[19:28:17] [Sound Library Loader/INFO]: Starting up SoundSystem...
[19:28:17] [Thread-11/INFO]: Initializing LWJGL OpenAL
[19:28:17] [Thread-11/INFO]: (The LWJGL binding of OpenAL.  For more information, see http://www.lwjgl.org)
[19:28:17] [Thread-11/ERROR]: Error in class 'LibraryLWJGLOpenAL'
[19:28:17] [Thread-11/ERROR]: Unable to initialize OpenAL.  Probable cause: OpenAL not supported.
[19:28:17] [Thread-11/WARN]: ERROR MESSAGE:
[19:28:17] [Thread-11/INFO]: Could not locate OpenAL library.
[19:28:17] [Thread-11/WARN]: STACK TRACE:
[19:28:17] [Thread-11/INFO]: org.lwjgl.openal.AL.create(AL.java:156)
[19:28:17] [Thread-11/INFO]: org.lwjgl.openal.AL.create(AL.java:102)
[19:28:17] [Thread-11/INFO]: org.lwjgl.openal.AL.create(AL.java:206)
[19:28:17] [Thread-11/INFO]: paulscode.sound.libraries.LibraryLWJGLOpenAL.init(LibraryLWJGLOpenAL.java:164)
[19:28:17] [Thread-11/INFO]: paulscode.sound.SoundSystem.CommandNewLibrary(SoundSystem.java:1576)
[19:28:17] [Thread-11/INFO]: paulscode.sound.SoundSystem.CommandQueue(SoundSystem.java:2572)
[19:28:17] [Thread-11/INFO]: paulscode.sound.CommandThread.run(CommandThread.java:121)
[19:28:17] [Sound Library Loader/WARN]: ERROR MESSAGE:
[19:28:17] [Sound Library Loader/INFO]: Could not locate OpenAL library.
[19:28:17] [Sound Library Loader/INFO]: Starting up SoundSystem...
[19:28:18] [Thread-13/INFO]: Switching to No Sound
[19:28:18] [Thread-13/INFO]: (Silent Mode)
[19:28:18] [Sound Library Loader/INFO]: Sound engine started
[19:28:23] [Client thread/INFO]: Created: 1024x512 textures-atlas
[19:28:26] [Realms Notification Availability checker #1/INFO]: Could not authorize you against Realms server: Invalid session id
